This is pdfTeX, Version 3.141592653-2.6-1.40.25 (TeX Live 2023/Homebrew) (preloaded format=pdflatex 2023.3.21)  6 FEB 2024 15:06
entering extended mode
 restricted \write18 enabled.
 %&-line parsing enabled.
**usingStarmap.tex
(./usingStarmap.tex
LaTeX2e <2022-11-01> patch level 1
L3 programming layer <2023-02-22>
(/opt/homebrew/Cellar/texlive/20230313/share/texmf-dist/tex/latex/base/article.
cls
Document Class: article 2022/07/02 v1.4n Standard LaTeX document class

(/opt/homebrew/Cellar/texlive/20230313/share/texmf-dist/tex/latex/base/size10.c
lo
File: size10.clo 2022/07/02 v1.4n Standard LaTeX file (size option)
)
\c@part=\count185
\c@section=\count186
\c@subsection=\count187
\c@subsubsection=\count188
\c@paragraph=\count189
\c@subparagraph=\count190
\c@figure=\count191
\c@table=\count192
\abovecaptionskip=\skip48
\belowcaptionskip=\skip49
\bibindent=\dimen140
)
(/opt/homebrew/Cellar/texlive/20230313/share/texmf-dist/tex/latex/graphics/grap
hicx.sty
Package: graphicx 2021/09/16 v1.2d Enhanced LaTeX Graphics (DPC,SPQR)

(/opt/homebrew/Cellar/texlive/20230313/share/texmf-dist/tex/latex/graphics/keyv
al.sty
Package: keyval 2022/05/29 v1.15 key=value parser (DPC)
\KV@toks@=\toks16
)
(/opt/homebrew/Cellar/texlive/20230313/share/texmf-dist/tex/latex/graphics/grap
hics.sty
Package: graphics 2022/03/10 v1.4e Standard LaTeX Graphics (DPC,SPQR)

(/opt/homebrew/Cellar/texlive/20230313/share/texmf-dist/tex/latex/graphics/trig
.sty
Package: trig 2021/08/11 v1.11 sin cos tan (DPC)
)
(/opt/homebrew/Cellar/texlive/20230313/share/texmf-dist/tex/latex/graphics-cfg/
graphics.cfg
File: graphics.cfg 2016/06/04 v1.11 sample graphics configuration
)
Package graphics Info: Driver file: pdftex.def on input line 107.

(/opt/homebrew/Cellar/texlive/20230313/share/texmf-dist/tex/latex/graphics-def/
pdftex.def
File: pdftex.def 2022/09/22 v1.2b Graphics/color driver for pdftex
))
\Gin@req@height=\dimen141
\Gin@req@width=\dimen142
)
(/opt/homebrew/Cellar/texlive/20230313/share/texmf-dist/tex/latex/xcolor/xcolor
.sty
Package: xcolor 2022/06/12 v2.14 LaTeX color extensions (UK)

(/opt/homebrew/Cellar/texlive/20230313/share/texmf-dist/tex/latex/graphics-cfg/
color.cfg
File: color.cfg 2016/01/02 v1.6 sample color configuration
)
Package xcolor Info: Driver file: pdftex.def on input line 227.

(/opt/homebrew/Cellar/texlive/20230313/share/texmf-dist/tex/latex/graphics/math
color.ltx)
Package xcolor Info: Model `cmy' substituted by `cmy0' on input line 1353.
Package xcolor Info: Model `hsb' substituted by `rgb' on input line 1357.
Package xcolor Info: Model `RGB' extended on input line 1369.
Package xcolor Info: Model `HTML' substituted by `rgb' on input line 1371.
Package xcolor Info: Model `Hsb' substituted by `hsb' on input line 1372.
Package xcolor Info: Model `tHsb' substituted by `hsb' on input line 1373.
Package xcolor Info: Model `HSB' substituted by `hsb' on input line 1374.
Package xcolor Info: Model `Gray' substituted by `gray' on input line 1375.
Package xcolor Info: Model `wave' substituted by `hsb' on input line 1376.
)
(/opt/homebrew/Cellar/texlive/20230313/share/texmf-dist/tex/latex/framed/framed
.sty
Package: framed 2011/10/22 v 0.96: framed or shaded text with page breaks
\OuterFrameSep=\skip50
\fb@frw=\dimen143
\fb@frh=\dimen144
\FrameRule=\dimen145
\FrameSep=\dimen146
)
(/opt/homebrew/Cellar/texlive/20230313/share/texmf-dist/tex/latex/base/alltt.st
y
Package: alltt 2021/01/29 v2.0g defines alltt environment
)
(/opt/homebrew/Cellar/texlive/20230313/share/texmf-dist/tex/latex/hyperref/hype
rref.sty
Package: hyperref 2023-02-07 v7.00v Hypertext links for LaTeX

(/opt/homebrew/Cellar/texlive/20230313/share/texmf-dist/tex/generic/ltxcmds/ltx
cmds.sty
Package: ltxcmds 2020-05-10 v1.25 LaTeX kernel commands for general use (HO)
)
(/opt/homebrew/Cellar/texlive/20230313/share/texmf-dist/tex/generic/iftex/iftex
.sty
Package: iftex 2022/02/03 v1.0f TeX engine tests
)
(/opt/homebrew/Cellar/texlive/20230313/share/texmf-dist/tex/generic/pdftexcmds/
pdftexcmds.sty
Package: pdftexcmds 2020-06-27 v0.33 Utility functions of pdfTeX for LuaTeX (HO
)

(/opt/homebrew/Cellar/texlive/20230313/share/texmf-dist/tex/generic/infwarerr/i
nfwarerr.sty
Package: infwarerr 2019/12/03 v1.5 Providing info/warning/error messages (HO)
)
Package pdftexcmds Info: \pdf@primitive is available.
Package pdftexcmds Info: \pdf@ifprimitive is available.
Package pdftexcmds Info: \pdfdraftmode found.
)
(/opt/homebrew/Cellar/texlive/20230313/share/texmf-dist/tex/latex/kvsetkeys/kvs
etkeys.sty
Package: kvsetkeys 2022-10-05 v1.19 Key value parser (HO)
)
(/opt/homebrew/Cellar/texlive/20230313/share/texmf-dist/tex/generic/kvdefinekey
s/kvdefinekeys.sty
Package: kvdefinekeys 2019-12-19 v1.6 Define keys (HO)
)
(/opt/homebrew/Cellar/texlive/20230313/share/texmf-dist/tex/generic/pdfescape/p
dfescape.sty
Package: pdfescape 2019/12/09 v1.15 Implements pdfTeX's escape features (HO)
)
(/opt/homebrew/Cellar/texlive/20230313/share/texmf-dist/tex/latex/hycolor/hycol
or.sty
Package: hycolor 2020-01-27 v1.10 Color options for hyperref/bookmark (HO)
)
(/opt/homebrew/Cellar/texlive/20230313/share/texmf-dist/tex/latex/letltxmacro/l
etltxmacro.sty
Package: letltxmacro 2019/12/03 v1.6 Let assignment for LaTeX macros (HO)
)
(/opt/homebrew/Cellar/texlive/20230313/share/texmf-dist/tex/latex/auxhook/auxho
ok.sty
Package: auxhook 2019-12-17 v1.6 Hooks for auxiliary files (HO)
)
(/opt/homebrew/Cellar/texlive/20230313/share/texmf-dist/tex/latex/hyperref/name
ref.sty
Package: nameref 2022-05-17 v2.50 Cross-referencing by name of section

(/opt/homebrew/Cellar/texlive/20230313/share/texmf-dist/tex/latex/refcount/refc
ount.sty
Package: refcount 2019/12/15 v3.6 Data extraction from label references (HO)
)
(/opt/homebrew/Cellar/texlive/20230313/share/texmf-dist/tex/generic/gettitlestr
ing/gettitlestring.sty
Package: gettitlestring 2019/12/15 v1.6 Cleanup title references (HO)

(/opt/homebrew/Cellar/texlive/20230313/share/texmf-dist/tex/latex/kvoptions/kvo
ptions.sty
Package: kvoptions 2022-06-15 v3.15 Key value format for package options (HO)
))
\c@section@level=\count193
)
\@linkdim=\dimen147
\Hy@linkcounter=\count194
\Hy@pagecounter=\count195

(/opt/homebrew/Cellar/texlive/20230313/share/texmf-dist/tex/latex/hyperref/pd1e
nc.def
File: pd1enc.def 2023-02-07 v7.00v Hyperref: PDFDocEncoding definition (HO)
Now handling font encoding PD1 ...
... no UTF-8 mapping file for font encoding PD1
)
(/opt/homebrew/Cellar/texlive/20230313/share/texmf-dist/tex/generic/intcalc/int
calc.sty
Package: intcalc 2019/12/15 v1.3 Expandable calculations with integers (HO)
)
(/opt/homebrew/Cellar/texlive/20230313/share/texmf-dist/tex/generic/etexcmds/et
excmds.sty
Package: etexcmds 2019/12/15 v1.7 Avoid name clashes with e-TeX commands (HO)
)
\Hy@SavedSpaceFactor=\count196

(/opt/homebrew/Cellar/texlive/20230313/share/texmf-dist/tex/latex/hyperref/puen
c.def
File: puenc.def 2023-02-07 v7.00v Hyperref: PDF Unicode definition (HO)
Now handling font encoding PU ...
... no UTF-8 mapping file for font encoding PU
)
Package hyperref Info: Hyper figures OFF on input line 4177.
Package hyperref Info: Link nesting OFF on input line 4182.
Package hyperref Info: Hyper index ON on input line 4185.
Package hyperref Info: Plain pages OFF on input line 4192.
Package hyperref Info: Backreferencing OFF on input line 4197.
Package hyperref Info: Implicit mode ON; LaTeX internals redefined.
Package hyperref Info: Bookmarks ON on input line 4425.
\c@Hy@tempcnt=\count197

(/opt/homebrew/Cellar/texlive/20230313/share/texmf-dist/tex/latex/url/url.sty
\Urlmuskip=\muskip16
Package: url 2013/09/16  ver 3.4  Verb mode for urls, etc.
)
LaTeX Info: Redefining \url on input line 4763.
\XeTeXLinkMargin=\dimen148

(/opt/homebrew/Cellar/texlive/20230313/share/texmf-dist/tex/generic/bitset/bits
et.sty
Package: bitset 2019/12/09 v1.3 Handle bit-vector datatype (HO)

(/opt/homebrew/Cellar/texlive/20230313/share/texmf-dist/tex/generic/bigintcalc/
bigintcalc.sty
Package: bigintcalc 2019/12/15 v1.5 Expandable calculations on big integers (HO
)
))
\Fld@menulength=\count198
\Field@Width=\dimen149
\Fld@charsize=\dimen150
Package hyperref Info: Hyper figures OFF on input line 6042.
Package hyperref Info: Link nesting OFF on input line 6047.
Package hyperref Info: Hyper index ON on input line 6050.
Package hyperref Info: backreferencing OFF on input line 6057.
Package hyperref Info: Link coloring OFF on input line 6062.
Package hyperref Info: Link coloring with OCG OFF on input line 6067.
Package hyperref Info: PDF/A mode OFF on input line 6072.

(/opt/homebrew/Cellar/texlive/20230313/share/texmf-dist/tex/latex/base/atbegshi
-ltx.sty
Package: atbegshi-ltx 2021/01/10 v1.0c Emulation of the original atbegshi
package with kernel methods
)
\Hy@abspage=\count199
\c@Item=\count266
\c@Hfootnote=\count267
)
Package hyperref Info: Driver (autodetected): hpdftex.

(/opt/homebrew/Cellar/texlive/20230313/share/texmf-dist/tex/latex/hyperref/hpdf
tex.def
File: hpdftex.def 2023-02-07 v7.00v Hyperref driver for pdfTeX

(/opt/homebrew/Cellar/texlive/20230313/share/texmf-dist/tex/latex/base/atveryen
d-ltx.sty
Package: atveryend-ltx 2020/08/19 v1.0a Emulation of the original atveryend pac
kage
with kernel methods
)
\Fld@listcount=\count268
\c@bookmark@seq@number=\count269

(/opt/homebrew/Cellar/texlive/20230313/share/texmf-dist/tex/latex/rerunfilechec
k/rerunfilecheck.sty
Package: rerunfilecheck 2022-07-10 v1.10 Rerun checks for auxiliary files (HO)

(/opt/homebrew/Cellar/texlive/20230313/share/texmf-dist/tex/generic/uniquecount
er/uniquecounter.sty
Package: uniquecounter 2019/12/15 v1.4 Provide unlimited unique counter (HO)
)
Package uniquecounter Info: New unique counter `rerunfilecheck' on input line 2
85.
)
\Hy@SectionHShift=\skip51
)
(/opt/homebrew/Cellar/texlive/20230313/share/texmf-dist/tex/latex/parskip/parsk
ip.sty
Package: parskip 2021-03-14 v2.0h non-zero parskip adjustments

(/opt/homebrew/Cellar/texlive/20230313/share/texmf-dist/tex/latex/etoolbox/etoo
lbox.sty
Package: etoolbox 2020/10/05 v2.5k e-TeX tools for LaTeX (JAW)
\etb@tempcnta=\count270
))
(/opt/homebrew/Cellar/texlive/20230313/share/texmf-dist/tex/latex/base/inputenc
.sty
Package: inputenc 2021/02/14 v1.3d Input encoding file
\inpenc@prehook=\toks17
\inpenc@posthook=\toks18
)
(/opt/homebrew/Cellar/texlive/20230313/share/texmf-dist/tex/latex/amsmath/amsma
th.sty
Package: amsmath 2022/04/08 v2.17n AMS math features
\@mathmargin=\skip52

For additional information on amsmath, use the `?' option.

(/opt/homebrew/Cellar/texlive/20230313/share/texmf-dist/tex/latex/amsmath/amste
xt.sty
Package: amstext 2021/08/26 v2.01 AMS text

(/opt/homebrew/Cellar/texlive/20230313/share/texmf-dist/tex/latex/amsmath/amsge
n.sty
File: amsgen.sty 1999/11/30 v2.0 generic functions
\@emptytoks=\toks19
\ex@=\dimen151
))
(/opt/homebrew/Cellar/texlive/20230313/share/texmf-dist/tex/latex/amsmath/amsbs
y.sty
Package: amsbsy 1999/11/29 v1.2d Bold Symbols
\pmbraise@=\dimen152
)
(/opt/homebrew/Cellar/texlive/20230313/share/texmf-dist/tex/latex/amsmath/amsop
n.sty
Package: amsopn 2022/04/08 v2.04 operator names
)
\inf@bad=\count271
LaTeX Info: Redefining \frac on input line 234.
\uproot@=\count272
\leftroot@=\count273
LaTeX Info: Redefining \overline on input line 399.
LaTeX Info: Redefining \colon on input line 410.
\classnum@=\count274
\DOTSCASE@=\count275
LaTeX Info: Redefining \ldots on input line 496.
LaTeX Info: Redefining \dots on input line 499.
LaTeX Info: Redefining \cdots on input line 620.
\Mathstrutbox@=\box51
\strutbox@=\box52
LaTeX Info: Redefining \big on input line 722.
LaTeX Info: Redefining \Big on input line 723.
LaTeX Info: Redefining \bigg on input line 724.
LaTeX Info: Redefining \Bigg on input line 725.
\big@size=\dimen153
LaTeX Font Info:    Redeclaring font encoding OML on input line 743.
LaTeX Font Info:    Redeclaring font encoding OMS on input line 744.
\macc@depth=\count276
LaTeX Info: Redefining \bmod on input line 905.
LaTeX Info: Redefining \pmod on input line 910.
LaTeX Info: Redefining \smash on input line 940.
LaTeX Info: Redefining \relbar on input line 970.
LaTeX Info: Redefining \Relbar on input line 971.
\c@MaxMatrixCols=\count277
\dotsspace@=\muskip17
\c@parentequation=\count278
\dspbrk@lvl=\count279
\tag@help=\toks20
\row@=\count280
\column@=\count281
\maxfields@=\count282
\andhelp@=\toks21
\eqnshift@=\dimen154
\alignsep@=\dimen155
\tagshift@=\dimen156
\tagwidth@=\dimen157
\totwidth@=\dimen158
\lineht@=\dimen159
\@envbody=\toks22
\multlinegap=\skip53
\multlinetaggap=\skip54
\mathdisplay@stack=\toks23
LaTeX Info: Redefining \[ on input line 2953.
LaTeX Info: Redefining \] on input line 2954.
)
(/opt/homebrew/Cellar/texlive/20230313/share/texmf-dist/tex/latex/lm/lmodern.st
y
Package: lmodern 2015/05/01 v1.6.1 Latin Modern Fonts
LaTeX Font Info:    Overwriting symbol font `operators' in version `normal'
(Font)                  OT1/cmr/m/n --> OT1/lmr/m/n on input line 22.
LaTeX Font Info:    Overwriting symbol font `letters' in version `normal'
(Font)                  OML/cmm/m/it --> OML/lmm/m/it on input line 23.
LaTeX Font Info:    Overwriting symbol font `symbols' in version `normal'
(Font)                  OMS/cmsy/m/n --> OMS/lmsy/m/n on input line 24.
LaTeX Font Info:    Overwriting symbol font `largesymbols' in version `normal'
(Font)                  OMX/cmex/m/n --> OMX/lmex/m/n on input line 25.
LaTeX Font Info:    Overwriting symbol font `operators' in version `bold'
(Font)                  OT1/cmr/bx/n --> OT1/lmr/bx/n on input line 26.
LaTeX Font Info:    Overwriting symbol font `letters' in version `bold'
(Font)                  OML/cmm/b/it --> OML/lmm/b/it on input line 27.
LaTeX Font Info:    Overwriting symbol font `symbols' in version `bold'
(Font)                  OMS/cmsy/b/n --> OMS/lmsy/b/n on input line 28.
LaTeX Font Info:    Overwriting symbol font `largesymbols' in version `bold'
(Font)                  OMX/cmex/m/n --> OMX/lmex/m/n on input line 29.
LaTeX Font Info:    Overwriting math alphabet `\mathbf' in version `normal'
(Font)                  OT1/cmr/bx/n --> OT1/lmr/bx/n on input line 31.
LaTeX Font Info:    Overwriting math alphabet `\mathsf' in version `normal'
(Font)                  OT1/cmss/m/n --> OT1/lmss/m/n on input line 32.
LaTeX Font Info:    Overwriting math alphabet `\mathit' in version `normal'
(Font)                  OT1/cmr/m/it --> OT1/lmr/m/it on input line 33.
LaTeX Font Info:    Overwriting math alphabet `\mathtt' in version `normal'
(Font)                  OT1/cmtt/m/n --> OT1/lmtt/m/n on input line 34.
LaTeX Font Info:    Overwriting math alphabet `\mathbf' in version `bold'
(Font)                  OT1/cmr/bx/n --> OT1/lmr/bx/n on input line 35.
LaTeX Font Info:    Overwriting math alphabet `\mathsf' in version `bold'
(Font)                  OT1/cmss/bx/n --> OT1/lmss/bx/n on input line 36.
LaTeX Font Info:    Overwriting math alphabet `\mathit' in version `bold'
(Font)                  OT1/cmr/bx/it --> OT1/lmr/bx/it on input line 37.
LaTeX Font Info:    Overwriting math alphabet `\mathtt' in version `bold'
(Font)                  OT1/cmtt/m/n --> OT1/lmtt/m/n on input line 38.
)
(/opt/homebrew/Cellar/texlive/20230313/share/texmf-dist/tex/latex/base/fontenc.
sty
Package: fontenc 2021/04/29 v2.0v Standard LaTeX package
LaTeX Font Info:    Trying to load font information for T1+lmr on input line 11
2.

(/opt/homebrew/Cellar/texlive/20230313/share/texmf-dist/tex/latex/lm/t1lmr.fd
File: t1lmr.fd 2015/05/01 v1.6.1 Font defs for Latin Modern
))
(/opt/homebrew/Cellar/texlive/20230313/share/texmf-dist/tex/latex/upquote/upquo
te.sty
Package: upquote 2012/04/19 v1.3 upright-quote and grave-accent glyphs in verba
tim

(/opt/homebrew/Cellar/texlive/20230313/share/texmf-dist/tex/latex/base/textcomp
.sty
Package: textcomp 2020/02/02 v2.0n Standard LaTeX package
))
(/opt/homebrew/Cellar/texlive/20230313/share/texmf-dist/tex/latex/l3backend/l3b
ackend-pdftex.def
File: l3backend-pdftex.def 2023-01-16 L3 backend support: PDF output (pdfTeX)
\l__color_backend_stack_int=\count283
\l__pdf_internal_box=\box53
) (./usingStarmap.aux)
\openout1 = `usingStarmap.aux'.

LaTeX Font Info:    Checking defaults for OML/cmm/m/it on input line 70.
LaTeX Font Info:    ... okay on input line 70.
LaTeX Font Info:    Checking defaults for OMS/cmsy/m/n on input line 70.
LaTeX Font Info:    ... okay on input line 70.
LaTeX Font Info:    Checking defaults for OT1/cmr/m/n on input line 70.
LaTeX Font Info:    ... okay on input line 70.
LaTeX Font Info:    Checking defaults for T1/cmr/m/n on input line 70.
LaTeX Font Info:    ... okay on input line 70.
LaTeX Font Info:    Checking defaults for TS1/cmr/m/n on input line 70.
LaTeX Font Info:    ... okay on input line 70.
LaTeX Font Info:    Checking defaults for OMX/cmex/m/n on input line 70.
LaTeX Font Info:    ... okay on input line 70.
LaTeX Font Info:    Checking defaults for U/cmr/m/n on input line 70.
LaTeX Font Info:    ... okay on input line 70.
LaTeX Font Info:    Checking defaults for PD1/pdf/m/n on input line 70.
LaTeX Font Info:    ... okay on input line 70.
LaTeX Font Info:    Checking defaults for PU/pdf/m/n on input line 70.
LaTeX Font Info:    ... okay on input line 70.

(/opt/homebrew/Cellar/texlive/20230313/share/texmf-dist/tex/context/base/mkii/s
upp-pdf.mkii
[Loading MPS to PDF converter (version 2006.09.02).]
\scratchcounter=\count284
\scratchdimen=\dimen160
\scratchbox=\box54
\nofMPsegments=\count285
\nofMParguments=\count286
\everyMPshowfont=\toks24
\MPscratchCnt=\count287
\MPscratchDim=\dimen161
\MPnumerator=\count288
\makeMPintoPDFobject=\count289
\everyMPtoPDFconversion=\toks25
)
(/opt/homebrew/Cellar/texlive/20230313/share/texmf-dist/tex/latex/epstopdf-pkg/
epstopdf-base.sty
Package: epstopdf-base 2020-01-24 v2.11 Base part for package epstopdf
Package epstopdf-base Info: Redefining graphics rule for `.eps' on input line 4
85.

(/opt/homebrew/Cellar/texlive/20230313/share/texmf-dist/tex/latex/latexconfig/e
pstopdf-sys.cfg
File: epstopdf-sys.cfg 2010/07/13 v1.3 Configuration of (r)epstopdf for TeX Liv
e
))
Package hyperref Info: Link coloring OFF on input line 70.
 (./usingStarmap.out) (./usingStarmap.out)
\@outlinefile=\write3
\openout3 = `usingStarmap.out'.

LaTeX Font Info:    Trying to load font information for OT1+lmr on input line 7
7.

(/opt/homebrew/Cellar/texlive/20230313/share/texmf-dist/tex/latex/lm/ot1lmr.fd
File: ot1lmr.fd 2015/05/01 v1.6.1 Font defs for Latin Modern
)
LaTeX Font Info:    Trying to load font information for OML+lmm on input line 7
7.
(/opt/homebrew/Cellar/texlive/20230313/share/texmf-dist/tex/latex/lm/omllmm.fd
File: omllmm.fd 2015/05/01 v1.6.1 Font defs for Latin Modern
)
LaTeX Font Info:    Trying to load font information for OMS+lmsy on input line 
77.

(/opt/homebrew/Cellar/texlive/20230313/share/texmf-dist/tex/latex/lm/omslmsy.fd
File: omslmsy.fd 2015/05/01 v1.6.1 Font defs for Latin Modern
)
LaTeX Font Info:    Trying to load font information for OMX+lmex on input line 
77.

(/opt/homebrew/Cellar/texlive/20230313/share/texmf-dist/tex/latex/lm/omxlmex.fd
File: omxlmex.fd 2015/05/01 v1.6.1 Font defs for Latin Modern
)
LaTeX Font Info:    External font `lmex10' loaded for size
(Font)              <12> on input line 77.
LaTeX Font Info:    External font `lmex10' loaded for size
(Font)              <8> on input line 77.
LaTeX Font Info:    External font `lmex10' loaded for size
(Font)              <6> on input line 77.
 (./usingStarmap.toc
LaTeX Font Info:    Trying to load font information for T1+lmtt on input line 1
.

(/opt/homebrew/Cellar/texlive/20230313/share/texmf-dist/tex/latex/lm/t1lmtt.fd
File: t1lmtt.fd 2015/05/01 v1.6.1 Font defs for Latin Modern
)
LaTeX Font Info:    External font `lmex10' loaded for size
(Font)              <10> on input line 2.
LaTeX Font Info:    External font `lmex10' loaded for size
(Font)              <7> on input line 2.
LaTeX Font Info:    External font `lmex10' loaded for size
(Font)              <5> on input line 2.
)
\tf@toc=\write4
\openout4 = `usingStarmap.toc'.


Overfull \hbox (22.49893pt too wide) in paragraph at lines 82--83
\T1/lmtt/m/n/10 function. However, if the data are in some other format, such a
s SQL,
 []


Overfull \hbox (11.99896pt too wide) in paragraph at lines 82--83
\T1/lmtt/m/n/10 CSV or JSON, we need to instruct Stardog how to build the graph
 from
 []


Overfull \hbox (48.74886pt too wide) in paragraph at lines 82--83
\T1/lmtt/m/n/10 this information. The Stardog Mapping Language, SMS, is a simpl
e scripting
 []


Overfull \hbox (11.99896pt too wide) in paragraph at lines 82--83
\T1/lmtt/m/n/10 language that enables Stardog to convert tabular data into know
ledge
 []


Overfull \hbox (17.24895pt too wide) in paragraph at lines 82--83
\T1/lmtt/m/n/10 graph data (RDF). There is a tutorial and some examples for usi
ng SMS
 []


Overfull \hbox (11.99896pt too wide) in paragraph at lines 82--83
\T1/lmtt/m/n/10 in the []Stardog documentation[]. This vignette assumes that th
e reader
 []


Overfull \hbox (22.49893pt too wide) in paragraph at lines 82--83
\T1/lmtt/m/n/10 already knows how to construct a mapping file for importing CSV
 files. 
 []


Overfull \hbox (17.24895pt too wide) in paragraph at lines 84--85
[]\T1/lmtt/m/n/10 starmap allows the R user to build a simple SMS file for mapp
ing data
 []


Overfull \hbox (27.74892pt too wide) in paragraph at lines 84--85
\T1/lmtt/m/n/10 frames to Stardog. starmap makes a number of labeling decisions
, which
 []


Overfull \hbox (17.24895pt too wide) in paragraph at lines 84--85
\T1/lmtt/m/n/10 may not always be suitable to the user. Nevertheless, starmap o
utput
 []


Overfull \hbox (6.74898pt too wide) in paragraph at lines 84--85
\T1/lmtt/m/n/10 can save time by setting up the boilerplate and building a temp
late
 []


Overfull \hbox (6.74898pt too wide) in paragraph at lines 84--85
\T1/lmtt/m/n/10 for the mapping. You can then edit the details to suit your nee
ds.
 []


Overfull \hbox (1.499pt too wide) in paragraph at lines 84--85
\T1/lmtt/m/n/10 Function starmap returns a list containing two strings. The fir
st
 []


Overfull \hbox (32.9989pt too wide) in paragraph at lines 84--85
\T1/lmtt/m/n/10 is the SMS mapping in string format, and the second is a simple
 ontology
 []

[1

{/opt/homebrew/Cellar/texlive/20230313/share/texmf-dist/fonts/map/pdftex/updmap
/pdftex.map}{/opt/homebrew/Cellar/texlive/20230313/share/texmf-dist/fonts/enc/d
vips/lm/lm-ec.enc}]
LaTeX Font Info:    Font shape `T1/lmtt/bx/n' in size <10> not available
(Font)              Font shape `T1/lmtt/b/n' tried instead on input line 92.
LaTeX Font Info:    Trying to load font information for TS1+lmtt on input line 
92.

(/opt/homebrew/Cellar/texlive/20230313/share/texmf-dist/tex/latex/lm/ts1lmtt.fd
File: ts1lmtt.fd 2015/05/01 v1.6.1 Font defs for Latin Modern
)
Overfull \hbox (27.74892pt too wide) in paragraph at lines 98--98
[]\T1/lmtt/m/n/10 function (formulae, data, prefix = "", uri = "http://api.star
dog.com/")[] 
 []


Overfull \hbox (2.95715pt too wide) in paragraph at lines 104--105
[]\T1/lmtt/m/n/10 a vector of "formula" strings that describe the structure
 []


Overfull \hbox (23.29pt too wide) in paragraph at lines 105--106
[]\T1/lmtt/m/n/10 a data frame containing the data to be mapped. Note that star
map
 []


Overfull \hbox (31.74901pt too wide) in paragraph at lines 105--106
\T1/lmtt/m/n/10 only uses the dataframe to get the column names and the data ty
pes.
 []


Overfull \hbox (5.49908pt too wide) in paragraph at lines 105--106
\T1/lmtt/m/n/10 One could submit the first few rows of a dataframe and get the
 []


Overfull \hbox (0.2491pt too wide) in paragraph at lines 105--106
\T1/lmtt/m/n/10 same output. This can be useful when working with very large
 []


Overfull \hbox (14.35356pt too wide) in paragraph at lines 106--107
[]\T1/lmtt/m/n/10 an abbreviated form of the URN that will be used to build nod
e
 []


Overfull \hbox (39.76295pt too wide) in paragraph at lines 107--108
[]\T1/lmtt/m/n/10 the URN (Universal Resource Name). In theory, it would be leg
itimate
 []


Overfull \hbox (15.99905pt too wide) in paragraph at lines 107--108
\T1/lmtt/m/n/10 to have several prefixes and URN's within the same mapping file
,
 []


Overfull \hbox (31.74901pt too wide) in paragraph at lines 107--108
\T1/lmtt/m/n/10 but that flexibility is not offered in starmap. In that situati
on,
 []


Overfull \hbox (0.2491pt too wide) in paragraph at lines 107--108
\T1/lmtt/m/n/10 one would need to edit the mapping or invoke the function for
 []


Overfull \hbox (17.24895pt too wide) in paragraph at lines 112--113
\T1/lmtt/m/n/10 A starmap formula indicates how the columns of data will be con
nected
 []


Overfull \hbox (27.74892pt too wide) in paragraph at lines 112--113
\T1/lmtt/m/n/10 in the knowledge graph. The syntax is based on the R formula la
nguage.
 []


Overfull \hbox (11.99896pt too wide) in paragraph at lines 112--113
\T1/lmtt/m/n/10 Complex relationships can be built up using several formulae, p
assed
 []


Overfull \hbox (22.49893pt too wide) in paragraph at lines 112--113
\T1/lmtt/m/n/10 to starmap as a vector. Here are the tokens used by starmap and
 their
 []


Overfull \hbox (11.99896pt too wide) in paragraph at lines 112--113
\T1/lmtt/m/n/10 usage. Assume that the data have columns with names v1, v2, v3,
 d1,
 []


Overfull \hbox (1.499pt too wide) in paragraph at lines 112--113
\T1/lmtt/m/n/10 d2, d3, d4. Variables v1, v2, v3 will be class nodes, and d1, d
2,
 []


Overfull \hbox (64.55434pt too wide) in paragraph at lines 117--118
[]\T1/lmtt/m/n/10 The tilde relates two class nodes. "v1 ~v2" creates a directe
d relationship
 []


Overfull \hbox (40.77669pt too wide) in paragraph at lines 118--119
[]\T1/lmtt/m/n/10 The pipe symbol relates an IRI node (class node with URN) to 
its literal
 []


Overfull \hbox (52.74895pt too wide) in paragraph at lines 118--119
\T1/lmtt/m/n/10 (or datatype) properties. "v1 ~d1 + d2" creates datatype relati
onships
 []


Overfull \hbox (0.33203pt too wide) in paragraph at lines 119--120
[]\T1/lmtt/m/n/10 The expression #varname creates an IRI node from the row numb
er
 []

[2{/opt/homebrew/Cellar/texlive/20230313/share/texmf-dist/fonts/enc/dvips/lm/lm
-ts1.enc}{/opt/homebrew/Cellar/texlive/20230313/share/texmf-dist/fonts/enc/dvip
s/lm/lm-mathsy.enc}]
Overfull \hbox (9.6935pt too wide) in paragraph at lines 120--121
[]\T1/lmtt/m/n/10 The colon is used to pull in a sequence of literal properties
 from
 []


Overfull \hbox (31.74901pt too wide) in paragraph at lines 120--121
\T1/lmtt/m/n/10 the data frame. 4:7 maps columns 4 through 7 inclusive as datat
ype
 []


Overfull \hbox (5.49908pt too wide) in paragraph at lines 120--121
\T1/lmtt/m/n/10 properties. Alternatively, columns names can be used: d1:d4.
 []


Overfull \hbox (10.74907pt too wide) in paragraph at lines 120--121
\T1/lmtt/m/n/10 If d1 is after d4, reading left to right across the data frame,

 []


Overfull \hbox (11.40596pt too wide) in paragraph at lines 128--129
[]\T1/lmtt/m/n/10 connects v1 to v2, giving datatype d1 to v1,
 []


Overfull \hbox (10.72906pt too wide) in paragraph at lines 129--130
[]\T1/lmtt/m/n/10 as above, while also connecting
 []


Overfull \hbox (15.03094pt too wide) in paragraph at lines 135--136
[]\T1/lmtt/m/n/10 There can only be one tilde per formula. Use a vector
 []


Overfull \hbox (4.51677pt too wide) in paragraph at lines 136--137
[]\T1/lmtt/m/n/10 Dataype properties need to be related to their subjects.
 []


Overfull \hbox (11.85443pt too wide) in paragraph at lines 138--139
[]\T1/lmtt/m/n/10 starmap will throw an error if a term in the formula is
 []


Overfull \hbox (0.2491pt too wide) in paragraph at lines 138--139
\T1/lmtt/m/n/10 not a column name of the database, or else a name preceded by
 []


Overfull \hbox (11.99896pt too wide) in paragraph at lines 144--145
\T1/lmtt/m/n/10 stardogR comes with a set of data drawn from the open data port
al of
 []


Overfull \hbox (22.49893pt too wide) in paragraph at lines 144--145
\T1/lmtt/m/n/10 the City of Toronto. This set contains daily readings of eColi 
levels
 []


Overfull \hbox (1.499pt too wide) in paragraph at lines 144--145
\T1/lmtt/m/n/10 at each of Toronto's public beaches over the summer months of 2
007
 []


Overfull \hbox (17.24895pt too wide) in paragraph at lines 155--155
[]\T1/lmtt/m/n/10 [1] "Beach_ID"       "Beach_Name"     "Sample_Date"    "Publi
sh_Date"[] 
 []


Overfull \hbox (22.49893pt too wide) in paragraph at lines 159--160
[]\T1/lmtt/m/n/10 Each row contains the results of one eColi sample. I need an 
IRI node
 []


Overfull \hbox (32.9989pt too wide) in paragraph at lines 159--160
\T1/lmtt/m/n/10 for each row. The sample date, eColi level and beach status are
 literal
 []


Overfull \hbox (11.99896pt too wide) in paragraph at lines 159--160
\T1/lmtt/m/n/10 properties of the row. In addition, we might want to include co
lumn
 []


Overfull \hbox (6.74898pt too wide) in paragraph at lines 159--160
\T1/lmtt/m/n/10 Beach_Advisory, which contains a text description of the result
s of
 []


Overfull \hbox (11.99896pt too wide) in paragraph at lines 159--160
\T1/lmtt/m/n/10 the test. The beaches should be mapped to their own IRI nodes, 
with
 []

[3]
Overfull \hbox (32.9989pt too wide) in paragraph at lines 164--165
[][]\T1/lmtt/m/n/10 results[] []<-[] []\T1/lmtt/b/n/10 starmap[][]\T1/lmtt/m/n/
10 ([][]"#sample | Sample_Date + eColi_Level + Beach_Status +[] 
 []


Overfull \hbox (69.7488pt too wide) in paragraph at lines 221--221
[]\T1/lmtt/m/n/10 BIND(TEMPLATE("http://beach.stardog.com/sample_{_ROW_NUMBER_}
") as ?sample_iri)[] 
 []


Overfull \hbox (69.7488pt too wide) in paragraph at lines 221--221
[]\T1/lmtt/m/n/10 BIND(TEMPLATE("http://beach.stardog.com/Beach_ID_{Beach_ID}")
 as ?Beach_ID_iri)[] 
 []

[4]
Overfull \hbox (1.499pt too wide) in paragraph at lines 225--226
[]\T1/lmtt/m/n/10 Here is the generated mapping file. The prefix lines at the s
tart
 []


Overfull \hbox (17.24895pt too wide) in paragraph at lines 225--226
\T1/lmtt/m/n/10 repeat the namespaces used by Stardog. The first five are names
paces
 []


Overfull \hbox (11.99896pt too wide) in paragraph at lines 225--226
\T1/lmtt/m/n/10 defined by Stardog whenever a database is created. The beach pr
efix
 []


Overfull \hbox (11.99896pt too wide) in paragraph at lines 227--228
[]\T1/lmtt/m/n/10 starmap converts the dataframe to serialized CSV, requiring t
he FROM
 []


Overfull \hbox (6.74898pt too wide) in paragraph at lines 227--228
\T1/lmtt/m/n/10 CSV clause. starmap could be used as a starting point for build
ing
 []


Overfull \hbox (6.74898pt too wide) in paragraph at lines 227--228
\T1/lmtt/m/n/10 mappings from SQL or JSON, by changing the FROM clause accordin
gly.
 []


Overfull \hbox (38.24889pt too wide) in paragraph at lines 229--230
[]\T1/lmtt/m/n/10 starmap uses the names of the data frame to build properties 
and classes.
 []


Overfull \hbox (1.499pt too wide) in paragraph at lines 229--230
\T1/lmtt/m/n/10 Best results are obtained if the variable names are in snake_ca
se,
 []


Overfull \hbox (27.74892pt too wide) in paragraph at lines 231--234
[]\T1/lmtt/m/n/10 * Classes are formed from the variable name in PascalCase (fi
rst letter
 []


Overfull \hbox (22.49893pt too wide) in paragraph at lines 231--234
\T1/lmtt/m/n/10 capitalized). If the variable name has an underscore, starmap r
emoves
 []


Overfull \hbox (17.24895pt too wide) in paragraph at lines 231--234
\T1/lmtt/m/n/10 the underscore and capitalizes the components. * Datatype prope
rties
 []


Overfull \hbox (48.74886pt too wide) in paragraph at lines 231--234
\T1/lmtt/m/n/10 are formed from camelCase (first letter is a miniscule) * Objec
t properties
 []


Overfull \hbox (64.49881pt too wide) in paragraph at lines 231--234
\T1/lmtt/m/n/10 take the form has+PascalCase of the endpoint of the edge. So th
e relationship
 []


Overfull \hbox (27.74892pt too wide) in paragraph at lines 236--237
[]\T1/lmtt/m/n/10 Stardog receives imported data as strings, and SMS assumes, b
y default,
 []


Overfull \hbox (1.499pt too wide) in paragraph at lines 236--237
\T1/lmtt/m/n/10 that everything is a string. To convert to a different data typ
e,
 []


Overfull \hbox (22.49893pt too wide) in paragraph at lines 236--237
\T1/lmtt/m/n/10 SMS needs to apply one of the xsd conversion functions to the i
ncoming
 []


Overfull \hbox (17.24895pt too wide) in paragraph at lines 236--237
\T1/lmtt/m/n/10 strings. starmap uses the datatypes of the data frame to figiur
e out
 []


Overfull \hbox (38.24889pt too wide) in paragraph at lines 236--237
\T1/lmtt/m/n/10 which function to use. Let's take a look at the datatypes of th
e beaches
 []


Overfull \hbox (43.49887pt too wide) in paragraph at lines 248--248
[]      \T1/lmtt/m/n/10 Beach_ID     Beach_Name    Sample_Date   Publish_Date  
  eColi_Level[] 
 []


Overfull \hbox (43.49887pt too wide) in paragraph at lines 248--248
[]     \T1/lmtt/m/n/10 "integer"    "character"         "Date"    "character"  
    "integer"[] 
 []


Overfull \hbox (32.9989pt too wide) in paragraph at lines 255--256
[]\T1/lmtt/m/n/10 This expression says, basically, "convert the data in column 
Sample_Date
 []


Overfull \hbox (43.49887pt too wide) in paragraph at lines 255--256
\T1/lmtt/m/n/10 using function xsd:date and store the result in variable ?Sampl
e_Date_tr." 
 []


Overfull \hbox (6.74898pt too wide) in paragraph at lines 257--258
[]\T1/lmtt/m/n/10 Strictly speaking, it is not necessary to convert string data
types,
 []


Overfull \hbox (22.49893pt too wide) in paragraph at lines 257--258
\T1/lmtt/m/n/10 like the name of the beach, using xsd:string, but it makes the 
process
 []


Overfull \hbox (11.99896pt too wide) in paragraph at lines 257--258
\T1/lmtt/m/n/10 explicit and transparent, and the transformation is included. E
very
 []

[5]
Overfull \hbox (17.24895pt too wide) in paragraph at lines 261--262
\T1/lmtt/m/n/10 Factors are a datatype unique to R. They allow data to be store
d with
 []


Overfull \hbox (53.99884pt too wide) in paragraph at lines 261--262
\T1/lmtt/m/n/10 both numeric codes and their corresponding labels. R allows eas
y conversion
 []


Overfull \hbox (11.99896pt too wide) in paragraph at lines 261--262
\T1/lmtt/m/n/10 from factors to either integer or character type, a convenient 
trick
 []


Overfull \hbox (1.499pt too wide) in paragraph at lines 261--262
\T1/lmtt/m/n/10 in data analysis. There is no corresponding data structure in x
sd
 []


Overfull \hbox (1.499pt too wide) in paragraph at lines 261--262
\T1/lmtt/m/n/10 or in Stardog. R factors are imported as character strings, usi
ng
 []


Overfull \hbox (6.74898pt too wide) in paragraph at lines 261--262
\T1/lmtt/m/n/10 the labels rather than the numeric codes. If, for some reason, 
one
 []


Overfull \hbox (17.24895pt too wide) in paragraph at lines 261--262
\T1/lmtt/m/n/10 wanted to retain both codes and labels, it would be necessary t
o save
 []


Overfull \hbox (17.24895pt too wide) in paragraph at lines 261--262
\T1/lmtt/m/n/10 these as two different columns of the data frame. A suitable ma
pping
 []


Overfull \hbox (27.74892pt too wide) in paragraph at lines 265--266
\T1/lmtt/m/n/10 Datetimes need some preparation to work properly in starmap and
 Stardog
 []


Overfull \hbox (6.74898pt too wide) in paragraph at lines 265--266
\T1/lmtt/m/n/10 generally. Stardog works with strings. When I pass an R object 
of
 []


Overfull \hbox (6.74898pt too wide) in paragraph at lines 265--266
\T1/lmtt/m/n/10 class POSIXct to Stardog, it will take the string representatio
n of
 []


Overfull \hbox (1.499pt too wide) in paragraph at lines 265--266
\T1/lmtt/m/n/10 that datetime, not a numeric epoch. This string is then convert
ed
 []


Overfull \hbox (17.24895pt too wide) in paragraph at lines 265--266
\T1/lmtt/m/n/10 to a dateTime object in Stardog by way of function xsd:dateTime
. The
 []


Overfull \hbox (17.24895pt too wide) in paragraph at lines 265--266
\T1/lmtt/m/n/10 problem is that xsd:dateTime recognizes only one format. The st
rings
 []


Overfull \hbox (27.74892pt too wide) in paragraph at lines 265--266
\T1/lmtt/m/n/10 need to be formatted as %Y-%m-%dT%H:%M:%S. In most systems, the
 default
 []


Overfull \hbox (17.24895pt too wide) in paragraph at lines 265--266
\T1/lmtt/m/n/10 datetime representation leaves a space between the date and the
 time,
 []


Overfull \hbox (11.99896pt too wide) in paragraph at lines 265--266
\T1/lmtt/m/n/10 but RDF data requires a \T1/lmtt/b/n/10 T\T1/lmtt/m/n/10 . If t
he data are formatted as R's default,
 []


Overfull \hbox (6.74898pt too wide) in paragraph at lines 265--266
\T1/lmtt/m/n/10 with a space and no \T1/lmtt/b/n/10 T\T1/lmtt/m/n/10 , starmap 
will map the data as a datetime, and
 []


Overfull \hbox (11.99896pt too wide) in paragraph at lines 265--266
\T1/lmtt/m/n/10 the virtual import will claim success, but the data will not in
 fact
 []


Overfull \hbox (48.74886pt too wide) in paragraph at lines 269--270
\T1/lmtt/m/n/10 The Stardog API will return an error message when it encounters
 syntactical
 []


Overfull \hbox (43.49887pt too wide) in paragraph at lines 269--270
\T1/lmtt/m/n/10 errors in SMS or SPARQL queries, so the user knows that an erro
r occurred.
 []


Overfull \hbox (1.499pt too wide) in paragraph at lines 269--270
\T1/lmtt/m/n/10 However, if SMS cannot map the data as described, it will silen
tly
 []


Overfull \hbox (27.74892pt too wide) in paragraph at lines 269--270
\T1/lmtt/m/n/10 fail to import the bits it can't find. For example, if a column
 header
 []


Overfull \hbox (1.499pt too wide) in paragraph at lines 269--270
\T1/lmtt/m/n/10 in the CSV file is, say, myVar, but I refer to it as ?myvar in 
the
 []


Overfull \hbox (6.74898pt too wide) in paragraph at lines 269--270
\T1/lmtt/m/n/10 mapping, it will simply not import myVar. If myVar was intended
 to
 []


Overfull \hbox (43.49887pt too wide) in paragraph at lines 269--270
\T1/lmtt/m/n/10 map to an IRI node in the graph, SMS will also fail to import a
ny datatype
 []


Overfull \hbox (6.74898pt too wide) in paragraph at lines 269--270
\T1/lmtt/m/n/10 properties that depend on myVar. The rest of the data might imp
ort
 []


Overfull \hbox (43.49887pt too wide) in paragraph at lines 271--272
[]\T1/lmtt/m/n/10 SMS also fails silently to import data that it cannot transfo
rm correctly.
 []


Overfull \hbox (6.74898pt too wide) in paragraph at lines 271--272
\T1/lmtt/m/n/10 As noted in the previous section, datetimes need to be formatte
d as
 []


Overfull \hbox (11.99896pt too wide) in paragraph at lines 271--272
\T1/lmtt/m/n/10 shown. Problems can also occur with Booleans. Function xsd:bool
ean
 []


Overfull \hbox (27.74892pt too wide) in paragraph at lines 271--272
\T1/lmtt/m/n/10 converts character strings true and false to Booleans. R-style 
strings
 []


Overfull \hbox (17.24895pt too wide) in paragraph at lines 271--272
\T1/lmtt/m/n/10 TRUE and FALSE will silently fail and such data will not be imp
orted.
 []


Overfull \hbox (59.24883pt too wide) in paragraph at lines 271--272
\T1/lmtt/m/n/10 For boolean data previously handled by R (TRUE/FALSE) or Python
 (True/False),
 []

[6]
Overfull \hbox (11.99896pt too wide) in paragraph at lines 328--329
[]\T1/lmtt/m/n/10 starmap creates a simple ontology for the new classes and pro
perties
 []

[7]
Overfull \hbox (43.49887pt too wide) in paragraph at lines 332--333
\T1/lmtt/m/n/10 We can now use stardogR to create the database and load the dat
a. Details
 []


Overfull \hbox (22.49893pt too wide) in paragraph at lines 339--339
[][]\T1/lmtt/b/n/10 add_namespace[][]\T1/lmtt/m/n/10 (sg,[] []uri[] []=[] []"ht
tp://beach.stardog.com/"[][],[] []prefix[] []=[] []"beach"[][])[][] 
 []

[8] (./usingStarmap.aux)
Package rerunfilecheck Info: File `usingStarmap.out' has not changed.
(rerunfilecheck)             Checksum: 0052CCC9F05BB83909B7AF19D3AFD1EB;1794.
 ) 
Here is how much of TeX's memory you used:
 10327 strings out of 476025
 164701 string characters out of 5780034
 1862388 words of memory out of 5000000
 30588 multiletter control sequences out of 15000+600000
 556670 words of font info for 63 fonts, out of 8000000 for 9000
 1141 hyphenation exceptions out of 8191
 75i,6n,76p,927b,522s stack positions out of 10000i,1000n,20000p,200000b,200000s
</opt/homebrew/Cellar/texlive/20230313/share/texmf-dist/fonts/type1/public/lm
/lmbx10.pfb></opt/homebrew/Cellar/texlive/20230313/share/texmf-dist/fonts/type1
/public/lm/lmbx12.pfb></opt/homebrew/Cellar/texlive/20230313/share/texmf-dist/f
onts/type1/public/lm/lmr10.pfb></opt/homebrew/Cellar/texlive/20230313/share/tex
mf-dist/fonts/type1/public/lm/lmr12.pfb></opt/homebrew/Cellar/texlive/20230313/
share/texmf-dist/fonts/type1/public/lm/lmr17.pfb></opt/homebrew/Cellar/texlive/
20230313/share/texmf-dist/fonts/type1/public/lm/lmsy10.pfb></opt/homebrew/Cella
r/texlive/20230313/share/texmf-dist/fonts/type1/public/lm/lmtk10.pfb></opt/home
brew/Cellar/texlive/20230313/share/texmf-dist/fonts/type1/public/lm/lmtt10.pfb>
</opt/homebrew/Cellar/texlive/20230313/share/texmf-dist/fonts/type1/public/lm/l
mtt12.pfb>
Output written on usingStarmap.pdf (8 pages, 235299 bytes).
PDF statistics:
 163 PDF objects out of 1000 (max. 8388607)
 132 compressed objects within 2 object streams
 22 named destinations out of 1000 (max. 500000)
 97 words of extra memory for PDF output out of 10000 (max. 10000000)

